  ProyectoFinal.cpp
C:\Users\lunab\Documents\Repositorio\314093790_Proyecto_Gpo08\ProyectoFinal\ProyectoFinal\ProyectoFinal.cpp(465,26): warning C4244: '=': conversión de 'double' a 'float'; posible pérdida de datos
C:\Users\lunab\Documents\Repositorio\314093790_Proyecto_Gpo08\ProyectoFinal\ProyectoFinal\ProyectoFinal.cpp(492,28): warning C4244: '=': conversión de 'double' a 'float'; posible pérdida de datos
C:\Users\lunab\Documents\Repositorio\314093790_Proyecto_Gpo08\ProyectoFinal\ProyectoFinal\ProyectoFinal.cpp(493,28): warning C4244: '=': conversión de 'double' a 'float'; posible pérdida de datos
C:\Users\lunab\Documents\Repositorio\314093790_Proyecto_Gpo08\ProyectoFinal\ProyectoFinal\ProyectoFinal.cpp(508,28): warning C4244: '=': conversión de 'double' a 'float'; posible pérdida de datos
C:\Users\lunab\Documents\Repositorio\314093790_Proyecto_Gpo08\ProyectoFinal\ProyectoFinal\ProyectoFinal.cpp(509,28): warning C4244: '=': conversión de 'double' a 'float'; posible pérdida de datos
C:\Users\lunab\Documents\Repositorio\314093790_Proyecto_Gpo08\ProyectoFinal\ProyectoFinal\ProyectoFinal.cpp(715,24): warning C4244: 'inicializando': conversión de 'double' a 'GLfloat'; posible pérdida de datos
C:\Users\lunab\Documents\Repositorio\314093790_Proyecto_Gpo08\ProyectoFinal\ProyectoFinal\ProyectoFinal.cpp(719,25): warning C4244: 'inicializando': conversión de 'double' a 'GLfloat'; posible pérdida de datos
C:\Users\lunab\Documents\Repositorio\314093790_Proyecto_Gpo08\ProyectoFinal\ProyectoFinal\ProyectoFinal.cpp(756,20): warning C4244: '=': conversión de 'double' a 'T'; posible pérdida de datos
          with
          [
              T=float
          ]
C:\Users\lunab\Documents\Repositorio\314093790_Proyecto_Gpo08\ProyectoFinal\ProyectoFinal\ProyectoFinal.cpp(757,20): warning C4244: '=': conversión de 'double' a 'T'; posible pérdida de datos
          with
          [
              T=float
          ]
C:\Users\lunab\Documents\Repositorio\314093790_Proyecto_Gpo08\ProyectoFinal\ProyectoFinal\ProyectoFinal.cpp(758,20): warning C4244: '=': conversión de 'double' a 'T'; posible pérdida de datos
          with
          [
              T=float
          ]
C:\Users\lunab\Documents\Repositorio\314093790_Proyecto_Gpo08\ProyectoFinal\ProyectoFinal\ProyectoFinal.cpp(773,22): warning C4244: '=': conversión de 'double' a 'T'; posible pérdida de datos
          with
          [
              T=float
          ]
C:\Users\lunab\Documents\Repositorio\314093790_Proyecto_Gpo08\ProyectoFinal\ProyectoFinal\ProyectoFinal.cpp(774,22): warning C4244: '=': conversión de 'double' a 'T'; posible pérdida de datos
          with
          [
              T=float
          ]
C:\Users\lunab\Documents\Repositorio\314093790_Proyecto_Gpo08\ProyectoFinal\ProyectoFinal\ProyectoFinal.cpp(775,22): warning C4244: '=': conversión de 'double' a 'T'; posible pérdida de datos
          with
          [
              T=float
          ]
C:\Users\lunab\Documents\Repositorio\314093790_Proyecto_Gpo08\ProyectoFinal\ProyectoFinal\ProyectoFinal.cpp(787,22): warning C4244: '=': conversión de 'double' a 'T'; posible pérdida de datos
          with
          [
              T=float
          ]
C:\Users\lunab\Documents\Repositorio\314093790_Proyecto_Gpo08\ProyectoFinal\ProyectoFinal\ProyectoFinal.cpp(788,22): warning C4244: '=': conversión de 'double' a 'T'; posible pérdida de datos
          with
          [
              T=float
          ]
C:\Users\lunab\Documents\Repositorio\314093790_Proyecto_Gpo08\ProyectoFinal\ProyectoFinal\ProyectoFinal.cpp(789,22): warning C4244: '=': conversión de 'double' a 'T'; posible pérdida de datos
          with
          [
              T=float
          ]
C:\Users\lunab\Documents\Repositorio\314093790_Proyecto_Gpo08\ProyectoFinal\ProyectoFinal\ProyectoFinal.cpp(800,22): warning C4244: '=': conversión de 'double' a 'T'; posible pérdida de datos
          with
          [
              T=float
          ]
C:\Users\lunab\Documents\Repositorio\314093790_Proyecto_Gpo08\ProyectoFinal\ProyectoFinal\ProyectoFinal.cpp(801,22): warning C4244: '=': conversión de 'double' a 'T'; posible pérdida de datos
          with
          [
              T=float
          ]
C:\Users\lunab\Documents\Repositorio\314093790_Proyecto_Gpo08\ProyectoFinal\ProyectoFinal\ProyectoFinal.cpp(802,22): warning C4244: '=': conversión de 'double' a 'T'; posible pérdida de datos
          with
          [
              T=float
          ]
C:\Users\lunab\Documents\Repositorio\314093790_Proyecto_Gpo08\ProyectoFinal\ProyectoFinal\ProyectoFinal.cpp(1409,11): warning C4244: '=': conversión de 'double' a 'GLfloat'; posible pérdida de datos
C:\Users\lunab\Documents\Repositorio\314093790_Proyecto_Gpo08\ProyectoFinal\ProyectoFinal\ProyectoFinal.cpp(1410,11): warning C4244: '=': conversión de 'double' a 'GLfloat'; posible pérdida de datos
C:\Users\lunab\Documents\Repositorio\314093790_Proyecto_Gpo08\ProyectoFinal\ProyectoFinal\ProyectoFinal.cpp(1414,18): warning C4244: 'inicializando': conversión de 'double' a 'GLfloat'; posible pérdida de datos
C:\Users\lunab\Documents\Repositorio\314093790_Proyecto_Gpo08\ProyectoFinal\ProyectoFinal\ProyectoFinal.cpp(1415,18): warning C4244: 'inicializando': conversión de 'double' a 'GLfloat'; posible pérdida de datos
C:\Users\lunab\Documents\Repositorio\314093790_Proyecto_Gpo08\ProyectoFinal\ProyectoFinal\ProyectoFinal.cpp(1417,10): warning C4244: '=': conversión de 'double' a 'GLfloat'; posible pérdida de datos
C:\Users\lunab\Documents\Repositorio\314093790_Proyecto_Gpo08\ProyectoFinal\ProyectoFinal\ProyectoFinal.cpp(1418,10): warning C4244: '=': conversión de 'double' a 'GLfloat'; posible pérdida de datos
soil2-debug.lib(SOIL2.obj) : warning LNK4075: se omite '/EDITANDCONTINUE' debido a la especificación '/OPT:ICF'
LINK : warning LNK4098: la biblioteca predeterminada'MSVCRTD' entra en conflicto con otras bibliotecas; use la biblioteca /NODEFAULTLIB:biblioteca
  Generando código
  3 of 703 functions ( 0.4%) were compiled, the rest were copied from previous compilation.
    0 functions were new in current compilation
    0 functions had inline decision re-evaluated but remain unchanged
  Generación de código finalizada
soil2-debug.lib(etc1_utils.obj) : warning LNK4099: no se encontró PDB 'soil2-debug.pdb' con 'soil2-debug.lib(etc1_utils.obj)' o en 'C:\Users\lunab\Documents\Repositorio\314093790_Proyecto_Gpo08\ProyectoFinal\Release\soil2-debug.pdb'; se vinculará el objeto sin tener en cuenta información de depuración
soil2-debug.lib(image_DXT.obj) : warning LNK4099: no se encontró PDB 'soil2-debug.pdb' con 'soil2-debug.lib(image_DXT.obj)' o en 'C:\Users\lunab\Documents\Repositorio\314093790_Proyecto_Gpo08\ProyectoFinal\Release\soil2-debug.pdb'; se vinculará el objeto sin tener en cuenta información de depuración
soil2-debug.lib(image_helper.obj) : warning LNK4099: no se encontró PDB 'soil2-debug.pdb' con 'soil2-debug.lib(image_helper.obj)' o en 'C:\Users\lunab\Documents\Repositorio\314093790_Proyecto_Gpo08\ProyectoFinal\Release\soil2-debug.pdb'; se vinculará el objeto sin tener en cuenta información de depuración
soil2-debug.lib(SOIL2.obj) : warning LNK4099: no se encontró PDB 'soil2-debug.pdb' con 'soil2-debug.lib(SOIL2.obj)' o en 'C:\Users\lunab\Documents\Repositorio\314093790_Proyecto_Gpo08\ProyectoFinal\Release\soil2-debug.pdb'; se vinculará el objeto sin tener en cuenta información de depuración
  ProyectoFinal.vcxproj -> C:\Users\lunab\Documents\Repositorio\314093790_Proyecto_Gpo08\ProyectoFinal\Release\ProyectoFinal.exe
